[30-Aug-2022 23:29:18 UTC] PHP Parse error:  syntax error, unexpected '}' in C:\Users\cliente\Local Sites\fiocruz\app\public\wp-content\themes\fiocruz\functions.php on line 43
[30-Aug-2022 23:29:48 UTC] PHP Parse error:  syntax error, unexpected ')' in C:\Users\cliente\Local Sites\fiocruz\app\public\wp-content\themes\fiocruz\functions.php on line 41
[30-Aug-2022 23:31:05 UTC] PHP Warning:  call_user_func_array() expects parameter 1 to be a valid callback, function 'teste_config' not found or invalid function name in C:\Users\cliente\Local Sites\fiocruz\app\public\wp-includes\class-wp-hook.php on line 307
[30-Aug-2022 23:31:05 UTC] PHP Stack trace:
[30-Aug-2022 23:31:05 UTC] PHP   1. {main}() C:\Users\cliente\Local Sites\fiocruz\app\public\wp-admin\admin-ajax.php:0
[30-Aug-2022 23:31:05 UTC] PHP   2. require_once() C:\Users\cliente\Local Sites\fiocruz\app\public\wp-admin\admin-ajax.php:22
[30-Aug-2022 23:31:05 UTC] PHP   3. require_once() C:\Users\cliente\Local Sites\fiocruz\app\public\wp-load.php:50
[30-Aug-2022 23:31:05 UTC] PHP   4. require_once() C:\Users\cliente\Local Sites\fiocruz\app\public\wp-config.php:91
[30-Aug-2022 23:31:05 UTC] PHP   5. do_action() C:\Users\cliente\Local Sites\fiocruz\app\public\wp-settings.php:576
[30-Aug-2022 23:31:05 UTC] PHP   6. WP_Hook->do_action() C:\Users\cliente\Local Sites\fiocruz\app\public\wp-includes\plugin.php:476
[30-Aug-2022 23:31:05 UTC] PHP   7. WP_Hook->apply_filters() C:\Users\cliente\Local Sites\fiocruz\app\public\wp-includes\class-wp-hook.php:331
[30-Aug-2022 23:31:21 UTC] PHP Warning:  call_user_func_array() expects parameter 1 to be a valid callback, function 'teste_config' not found or invalid function name in C:\Users\cliente\Local Sites\fiocruz\app\public\wp-includes\class-wp-hook.php on line 307
[30-Aug-2022 23:31:21 UTC] PHP Stack trace:
[30-Aug-2022 23:31:21 UTC] PHP   1. {main}() C:\Users\cliente\Local Sites\fiocruz\app\public\wp-admin\admin-ajax.php:0
[30-Aug-2022 23:31:21 UTC] PHP   2. require_once() C:\Users\cliente\Local Sites\fiocruz\app\public\wp-admin\admin-ajax.php:22
[30-Aug-2022 23:31:21 UTC] PHP   3. require_once() C:\Users\cliente\Local Sites\fiocruz\app\public\wp-load.php:50
[30-Aug-2022 23:31:21 UTC] PHP   4. require_once() C:\Users\cliente\Local Sites\fiocruz\app\public\wp-config.php:91
[30-Aug-2022 23:31:21 UTC] PHP   5. do_action() C:\Users\cliente\Local Sites\fiocruz\app\public\wp-settings.php:576
[30-Aug-2022 23:31:21 UTC] PHP   6. WP_Hook->do_action() C:\Users\cliente\Local Sites\fiocruz\app\public\wp-includes\plugin.php:476
[30-Aug-2022 23:31:21 UTC] PHP   7. WP_Hook->apply_filters() C:\Users\cliente\Local Sites\fiocruz\app\public\wp-includes\class-wp-hook.php:331
[30-Aug-2022 23:33:22 UTC] PHP Warning:  call_user_func_array() expects parameter 1 to be a valid callback, function 'teste_config' not found or invalid function name in C:\Users\cliente\Local Sites\fiocruz\app\public\wp-includes\class-wp-hook.php on line 307
[30-Aug-2022 23:33:22 UTC] PHP Stack trace:
[30-Aug-2022 23:33:22 UTC] PHP   1. {main}() C:\Users\cliente\Local Sites\fiocruz\app\public\wp-admin\admin-ajax.php:0
[30-Aug-2022 23:33:22 UTC] PHP   2. require_once() C:\Users\cliente\Local Sites\fiocruz\app\public\wp-admin\admin-ajax.php:22
[30-Aug-2022 23:33:22 UTC] PHP   3. require_once() C:\Users\cliente\Local Sites\fiocruz\app\public\wp-load.php:50
[30-Aug-2022 23:33:22 UTC] PHP   4. require_once() C:\Users\cliente\Local Sites\fiocruz\app\public\wp-config.php:91
[30-Aug-2022 23:33:22 UTC] PHP   5. do_action() C:\Users\cliente\Local Sites\fiocruz\app\public\wp-settings.php:576
[30-Aug-2022 23:33:22 UTC] PHP   6. WP_Hook->do_action() C:\Users\cliente\Local Sites\fiocruz\app\public\wp-includes\plugin.php:476
[30-Aug-2022 23:33:22 UTC] PHP   7. WP_Hook->apply_filters() C:\Users\cliente\Local Sites\fiocruz\app\public\wp-includes\class-wp-hook.php:331
[30-Aug-2022 23:35:23 UTC] PHP Warning:  call_user_func_array() expects parameter 1 to be a valid callback, function 'teste_config' not found or invalid function name in C:\Users\cliente\Local Sites\fiocruz\app\public\wp-includes\class-wp-hook.php on line 307
[30-Aug-2022 23:35:23 UTC] PHP Stack trace:
[30-Aug-2022 23:35:23 UTC] PHP   1. {main}() C:\Users\cliente\Local Sites\fiocruz\app\public\wp-admin\admin-ajax.php:0
[30-Aug-2022 23:35:23 UTC] PHP   2. require_once() C:\Users\cliente\Local Sites\fiocruz\app\public\wp-admin\admin-ajax.php:22
[30-Aug-2022 23:35:23 UTC] PHP   3. require_once() C:\Users\cliente\Local Sites\fiocruz\app\public\wp-load.php:50
[30-Aug-2022 23:35:23 UTC] PHP   4. require_once() C:\Users\cliente\Local Sites\fiocruz\app\public\wp-config.php:91
[30-Aug-2022 23:35:23 UTC] PHP   5. do_action() C:\Users\cliente\Local Sites\fiocruz\app\public\wp-settings.php:576
[30-Aug-2022 23:35:23 UTC] PHP   6. WP_Hook->do_action() C:\Users\cliente\Local Sites\fiocruz\app\public\wp-includes\plugin.php:476
[30-Aug-2022 23:35:23 UTC] PHP   7. WP_Hook->apply_filters() C:\Users\cliente\Local Sites\fiocruz\app\public\wp-includes\class-wp-hook.php:331
[30-Aug-2022 23:35:48 UTC] PHP Warning:  call_user_func_array() expects parameter 1 to be a valid callback, function 'teste_config' not found or invalid function name in C:\Users\cliente\Local Sites\fiocruz\app\public\wp-includes\class-wp-hook.php on line 307
[30-Aug-2022 23:35:48 UTC] PHP Stack trace:
[30-Aug-2022 23:35:48 UTC] PHP   1. {main}() C:\Users\cliente\Local Sites\fiocruz\app\public\wp-admin\admin-ajax.php:0
[30-Aug-2022 23:35:48 UTC] PHP   2. require_once() C:\Users\cliente\Local Sites\fiocruz\app\public\wp-admin\admin-ajax.php:22
[30-Aug-2022 23:35:48 UTC] PHP   3. require_once() C:\Users\cliente\Local Sites\fiocruz\app\public\wp-load.php:50
[30-Aug-2022 23:35:48 UTC] PHP   4. require_once() C:\Users\cliente\Local Sites\fiocruz\app\public\wp-config.php:91
[30-Aug-2022 23:35:48 UTC] PHP   5. do_action() C:\Users\cliente\Local Sites\fiocruz\app\public\wp-settings.php:576
[30-Aug-2022 23:35:48 UTC] PHP   6. WP_Hook->do_action() C:\Users\cliente\Local Sites\fiocruz\app\public\wp-includes\plugin.php:476
[30-Aug-2022 23:35:48 UTC] PHP   7. WP_Hook->apply_filters() C:\Users\cliente\Local Sites\fiocruz\app\public\wp-includes\class-wp-hook.php:331
[30-Aug-2022 23:36:04 UTC] PHP Warning:  call_user_func_array() expects parameter 1 to be a valid callback, function 'teste_config' not found or invalid function name in C:\Users\cliente\Local Sites\fiocruz\app\public\wp-includes\class-wp-hook.php on line 307
[30-Aug-2022 23:36:04 UTC] PHP Stack trace:
[30-Aug-2022 23:36:04 UTC] PHP   1. {main}() C:\Users\cliente\Local Sites\fiocruz\app\public\wp-admin\admin-ajax.php:0
[30-Aug-2022 23:36:04 UTC] PHP   2. require_once() C:\Users\cliente\Local Sites\fiocruz\app\public\wp-admin\admin-ajax.php:22
[30-Aug-2022 23:36:04 UTC] PHP   3. require_once() C:\Users\cliente\Local Sites\fiocruz\app\public\wp-load.php:50
[30-Aug-2022 23:36:04 UTC] PHP   4. require_once() C:\Users\cliente\Local Sites\fiocruz\app\public\wp-config.php:91
[30-Aug-2022 23:36:04 UTC] PHP   5. do_action() C:\Users\cliente\Local Sites\fiocruz\app\public\wp-settings.php:576
[30-Aug-2022 23:36:04 UTC] PHP   6. WP_Hook->do_action() C:\Users\cliente\Local Sites\fiocruz\app\public\wp-includes\plugin.php:476
[30-Aug-2022 23:36:04 UTC] PHP   7. WP_Hook->apply_filters() C:\Users\cliente\Local Sites\fiocruz\app\public\wp-includes\class-wp-hook.php:331
[30-Aug-2022 23:36:30 UTC] PHP Warning:  call_user_func_array() expects parameter 1 to be a valid callback, function 'teste_config' not found or invalid function name in C:\Users\cliente\Local Sites\fiocruz\app\public\wp-includes\class-wp-hook.php on line 307
[30-Aug-2022 23:36:30 UTC] PHP Stack trace:
[30-Aug-2022 23:36:30 UTC] PHP   1. {main}() C:\Users\cliente\Local Sites\fiocruz\app\public\wp-admin\admin-ajax.php:0
[30-Aug-2022 23:36:30 UTC] PHP   2. require_once() C:\Users\cliente\Local Sites\fiocruz\app\public\wp-admin\admin-ajax.php:22
[30-Aug-2022 23:36:30 UTC] PHP   3. require_once() C:\Users\cliente\Local Sites\fiocruz\app\public\wp-load.php:50
[30-Aug-2022 23:36:30 UTC] PHP   4. require_once() C:\Users\cliente\Local Sites\fiocruz\app\public\wp-config.php:91
[30-Aug-2022 23:36:30 UTC] PHP   5. do_action() C:\Users\cliente\Local Sites\fiocruz\app\public\wp-settings.php:576
[30-Aug-2022 23:36:30 UTC] PHP   6. WP_Hook->do_action() C:\Users\cliente\Local Sites\fiocruz\app\public\wp-includes\plugin.php:476
[30-Aug-2022 23:36:30 UTC] PHP   7. WP_Hook->apply_filters() C:\Users\cliente\Local Sites\fiocruz\app\public\wp-includes\class-wp-hook.php:331
[30-Aug-2022 23:36:35 UTC] PHP Warning:  call_user_func_array() expects parameter 1 to be a valid callback, function 'teste_config' not found or invalid function name in C:\Users\cliente\Local Sites\fiocruz\app\public\wp-includes\class-wp-hook.php on line 307
[30-Aug-2022 23:36:35 UTC] PHP Stack trace:
[30-Aug-2022 23:36:35 UTC] PHP   1. {main}() C:\Users\cliente\Local Sites\fiocruz\app\public\wp-admin\edit.php:0
[30-Aug-2022 23:36:35 UTC] PHP   2. require_once() C:\Users\cliente\Local Sites\fiocruz\app\public\wp-admin\edit.php:10
[30-Aug-2022 23:36:35 UTC] PHP   3. require_once() C:\Users\cliente\Local Sites\fiocruz\app\public\wp-admin\admin.php:34
[30-Aug-2022 23:36:35 UTC] PHP   4. require_once() C:\Users\cliente\Local Sites\fiocruz\app\public\wp-load.php:50
[30-Aug-2022 23:36:35 UTC] PHP   5. require_once() C:\Users\cliente\Local Sites\fiocruz\app\public\wp-config.php:91
[30-Aug-2022 23:36:35 UTC] PHP   6. do_action() C:\Users\cliente\Local Sites\fiocruz\app\public\wp-settings.php:576
[30-Aug-2022 23:36:35 UTC] PHP   7. WP_Hook->do_action() C:\Users\cliente\Local Sites\fiocruz\app\public\wp-includes\plugin.php:476
[30-Aug-2022 23:36:35 UTC] PHP   8. WP_Hook->apply_filters() C:\Users\cliente\Local Sites\fiocruz\app\public\wp-includes\class-wp-hook.php:331
[30-Aug-2022 23:36:38 UTC] PHP Warning:  call_user_func_array() expects parameter 1 to be a valid callback, function 'teste_config' not found or invalid function name in C:\Users\cliente\Local Sites\fiocruz\app\public\wp-includes\class-wp-hook.php on line 307
[30-Aug-2022 23:36:38 UTC] PHP Stack trace:
[30-Aug-2022 23:36:38 UTC] PHP   1. {main}() C:\Users\cliente\Local Sites\fiocruz\app\public\wp-admin\admin-ajax.php:0
[30-Aug-2022 23:36:38 UTC] PHP   2. require_once() C:\Users\cliente\Local Sites\fiocruz\app\public\wp-admin\admin-ajax.php:22
[30-Aug-2022 23:36:38 UTC] PHP   3. require_once() C:\Users\cliente\Local Sites\fiocruz\app\public\wp-load.php:50
[30-Aug-2022 23:36:38 UTC] PHP   4. require_once() C:\Users\cliente\Local Sites\fiocruz\app\public\wp-config.php:91
[30-Aug-2022 23:36:38 UTC] PHP   5. do_action() C:\Users\cliente\Local Sites\fiocruz\app\public\wp-settings.php:576
[30-Aug-2022 23:36:38 UTC] PHP   6. WP_Hook->do_action() C:\Users\cliente\Local Sites\fiocruz\app\public\wp-includes\plugin.php:476
[30-Aug-2022 23:36:38 UTC] PHP   7. WP_Hook->apply_filters() C:\Users\cliente\Local Sites\fiocruz\app\public\wp-includes\class-wp-hook.php:331
[30-Aug-2022 23:36:38 UTC] PHP Warning:  call_user_func_array() expects parameter 1 to be a valid callback, function 'teste_config' not found or invalid function name in C:\Users\cliente\Local Sites\fiocruz\app\public\wp-includes\class-wp-hook.php on line 307
[30-Aug-2022 23:36:38 UTC] PHP Stack trace:
[30-Aug-2022 23:36:38 UTC] PHP   1. {main}() C:\Users\cliente\Local Sites\fiocruz\app\public\index.php:0
[30-Aug-2022 23:36:38 UTC] PHP   2. require() C:\Users\cliente\Local Sites\fiocruz\app\public\index.php:17
[30-Aug-2022 23:36:38 UTC] PHP   3. require_once() C:\Users\cliente\Local Sites\fiocruz\app\public\wp-blog-header.php:13
[30-Aug-2022 23:36:38 UTC] PHP   4. require_once() C:\Users\cliente\Local Sites\fiocruz\app\public\wp-load.php:50
[30-Aug-2022 23:36:38 UTC] PHP   5. require_once() C:\Users\cliente\Local Sites\fiocruz\app\public\wp-config.php:91
[30-Aug-2022 23:36:38 UTC] PHP   6. do_action() C:\Users\cliente\Local Sites\fiocruz\app\public\wp-settings.php:576
[30-Aug-2022 23:36:38 UTC] PHP   7. WP_Hook->do_action() C:\Users\cliente\Local Sites\fiocruz\app\public\wp-includes\plugin.php:476
[30-Aug-2022 23:36:38 UTC] PHP   8. WP_Hook->apply_filters() C:\Users\cliente\Local Sites\fiocruz\app\public\wp-includes\class-wp-hook.php:331
[30-Aug-2022 23:36:54 UTC] PHP Warning:  call_user_func_array() expects parameter 1 to be a valid callback, function 'teste_config' not found or invalid function name in C:\Users\cliente\Local Sites\fiocruz\app\public\wp-includes\class-wp-hook.php on line 307
[30-Aug-2022 23:36:54 UTC] PHP Stack trace:
[30-Aug-2022 23:36:54 UTC] PHP   1. {main}() C:\Users\cliente\Local Sites\fiocruz\app\public\wp-admin\admin-ajax.php:0
[30-Aug-2022 23:36:54 UTC] PHP   2. require_once() C:\Users\cliente\Local Sites\fiocruz\app\public\wp-admin\admin-ajax.php:22
[30-Aug-2022 23:36:54 UTC] PHP   3. require_once() C:\Users\cliente\Local Sites\fiocruz\app\public\wp-load.php:50
[30-Aug-2022 23:36:54 UTC] PHP   4. require_once() C:\Users\cliente\Local Sites\fiocruz\app\public\wp-config.php:91
[30-Aug-2022 23:36:54 UTC] PHP   5. do_action() C:\Users\cliente\Local Sites\fiocruz\app\public\wp-settings.php:576
[30-Aug-2022 23:36:54 UTC] PHP   6. WP_Hook->do_action() C:\Users\cliente\Local Sites\fiocruz\app\public\wp-includes\plugin.php:476
[30-Aug-2022 23:36:54 UTC] PHP   7. WP_Hook->apply_filters() C:\Users\cliente\Local Sites\fiocruz\app\public\wp-includes\class-wp-hook.php:331
